08/03/2019 20:34:21	This log contains information about the import schema operation into project 'ShowWaterCupDB' on computer 'DESKTOP-3A4A5UM' by user 'ElisaRass'.
08/03/2019 20:34:21	Import of database schema has started.
08/03/2019 20:34:26	Gathering database credentials
08/03/2019 20:34:26	Gathering database options
08/03/2019 20:34:26	Gathering generic database scoped configuration option
08/03/2019 20:34:26	Gathering users
08/03/2019 20:34:26	Gathering roles
08/03/2019 20:34:26	Gathering application roles
08/03/2019 20:34:26	Gathering role memberships
08/03/2019 20:34:26	Gathering filegroups
08/03/2019 20:34:26	Gathering full-text catalogs
08/03/2019 20:34:26	Gathering assemblies
08/03/2019 20:34:26	Gathering certificates
08/03/2019 20:34:26	Gathering asymmetric keys
08/03/2019 20:34:26	Gathering symmetric keys
08/03/2019 20:34:26	Gathering encrypted symmetric keys
08/03/2019 20:34:26	Gathering schemas
08/03/2019 20:34:26	Gathering XML schema collections
08/03/2019 20:34:26	Gathering user-defined data types
08/03/2019 20:34:26	Gathering user-defined types
08/03/2019 20:34:26	Gathering table types
08/03/2019 20:34:26	Gathering unique keys for table types
08/03/2019 20:34:26	Gathering primary keys for table types
08/03/2019 20:34:26	Gathering indexes for table types
08/03/2019 20:34:26	Gathering check constraints for table types
08/03/2019 20:34:26	Gathering default constraints for table types
08/03/2019 20:34:26	Gathering partition functions
08/03/2019 20:34:26	Gathering partition schemes
08/03/2019 20:34:26	Gathering functions
08/03/2019 20:34:26	Gathering encrypted functions
08/03/2019 20:34:26	Gathering aggregates
08/03/2019 20:34:26	Gathering procedures
08/03/2019 20:34:26	Gathering encrypted procedures
08/03/2019 20:34:26	Gathering tables
08/03/2019 20:34:26	Gathering primary keys
08/03/2019 20:34:26	Gathering unique constraints
08/03/2019 20:34:26	Gathering foreign keys
08/03/2019 20:34:26	Gathering default constraints
08/03/2019 20:34:26	Gathering check constraints
08/03/2019 20:34:26	Gathering views
08/03/2019 20:34:26	Gathering encrypted views
08/03/2019 20:34:26	Gathering indexes
08/03/2019 20:34:26	Gathering statistics
08/03/2019 20:34:26	Gathering full-text index stoplists
08/03/2019 20:34:26	Gathering search property lists
08/03/2019 20:34:26	Gathering search properties
08/03/2019 20:34:26	Gathering full-text indexes
08/03/2019 20:34:26	Gathering column store indexes
08/03/2019 20:34:26	Gathering spatial indexes
08/03/2019 20:34:26	Gathering XML indexes
08/03/2019 20:34:26	Gathering Selective XML indexes
08/03/2019 20:34:26	Gathering encrypted triggers
08/03/2019 20:34:26	Gathering triggers
08/03/2019 20:34:26	Gathering encrypted and clr ddl triggers
08/03/2019 20:34:26	Gathering ddl triggers
08/03/2019 20:34:27	Gathering synonyms
08/03/2019 20:34:27	Gathering defaults
08/03/2019 20:34:27	Gathering data constraint uddt bindings
08/03/2019 20:34:27	Gathering rules
08/03/2019 20:34:27	Gathering data constraint uddt bindings
08/03/2019 20:34:27	Gathering message types
08/03/2019 20:34:27	Gathering queues
08/03/2019 20:34:27	Gathering contracts
08/03/2019 20:34:27	Gathering services
08/03/2019 20:34:27	Gathering event notifications
08/03/2019 20:34:27	Gathering remote service bindings
08/03/2019 20:34:27	Gathering broker priorities
08/03/2019 20:34:27	Gathering signatures
08/03/2019 20:34:27	Gathering data compression options
08/03/2019 20:34:27	Gathering sequence types
08/03/2019 20:34:27	Gathering security policies
08/03/2019 20:34:27	Gather column encryption keys
08/03/2019 20:34:27	Gathering column master keys
08/03/2019 20:34:27	Gathering external data sources
08/03/2019 20:34:27	Gathering external file formats
08/03/2019 20:34:27	Gathering external tables
08/03/2019 20:34:27	Gathering extended properties
08/03/2019 20:34:27	Gathering credentials
08/03/2019 20:34:27	Gathering logins
08/03/2019 20:34:27	Gathering server audits
08/03/2019 20:34:27	Scanning project for duplicate elements
08/03/2019 20:34:27	Finished duplicate element processing
08/03/2019 20:34:27	Finished importing database.
08/03/2019 20:34:27	A summary of the import was saved to the following location: C:\Users\ElisaRass\source\repos\ShowWaterCup\ShowWaterCupDB\Import Schema Logs\ShowWaterCupDB_20190308073421.log
08/03/2019 20:34:27	Click Finish to continue...
